 0x0 : addi $v0, $0, 0      | 20020000
 0x4 : addi $t0, $0, 0      | 20080000
 0x8 : for:                 | 
 0x8 : lw $s0, 0($v0)       | 8c500000
 0xc : add $t0, $t0, $s0    | 01104020
0x10 : lw $s0, 64($v0)      | 8c500040
0x14 : add $t0, $t0, $s0    | 01104020
0x18 : lw $s0, 128($v0)     | 8c500080
0x1c : add $t0, $t0, $s0    | 01104020
0x20 : lw $s0, 192($v0)     | 8c5000c0
0x24 : add $t0, $t0, $s0    | 01104020
0x28 : lw $s0, 256($v0)     | 8c500100
0x2c : add $t0, $t0, $s0    | 01104020
0x30 : lw $s0, 320($v0)     | 8c500140
0x34 : add $t0, $t0, $s0    | 01104020
0x38 : lw $s0, 384($v0)     | 8c500180
0x3c : add $t0, $t0, $s0    | 01104020
0x40 : lw $s0, 448($v0)     | 8c5001c0
0x44 : add $t0, $t0, $s0    | 01104020
0x48 : addi $v0, $v0, 4     | 20420004
0x4c : addi $v1, $0, 64     | 20030040
0x50 : bne $v0, $v1, for    | 1462ffed
